<?xml version="1.0" encoding="UTF-8"?>
<testsuite name="com.planet.utility.ExoPlanetHTTPClientTest" tests="2" skipped="0" failures="0" errors="0" timestamp="2022-03-20T19:33:56" hostname="DESKTOP-GISKJVV" time="1.166">
  <properties/>
  <testcase name="shouldGetStatusCodeAs200WhileHittingAPI()" classname="com.planet.utility.ExoPlanetHTTPClientTest" time="0.566"/>
  <testcase name="shouldGetStatusAs200()" classname="com.planet.utility.ExoPlanetHTTPClientTest" time="0.599"/>
  <system-out><![CDATA[]]></system-out>
  <system-err><![CDATA[]]></system-err>
</testsuite>
