<?xml version="1.0" encoding="UTF-8"?>
<testsuite name="com.planet.service.ExoPlanetAggregatorTest" tests="7" skipped="0" failures="0" errors="0" timestamp="2022-03-20T19:33:51" hostname="DESKTOP-GISKJVV" time="5.859">
  <properties/>
  <testcase name="getSumOfAllPlanetsTemp()" classname="com.planet.service.ExoPlanetAggregatorTest" time="3.932"/>
  <testcase name="getOrphanPlanetsCount()" classname="com.planet.service.ExoPlanetAggregatorTest" time="0.682"/>
  <testcase name="getOrphanPlanetsCountWhenExoPlanetIsEmpty()" classname="com.planet.service.ExoPlanetAggregatorTest" time="0.0"/>
  <testcase name="getHottestStarWhenExoPlanetIsEmpty()" classname="com.planet.service.ExoPlanetAggregatorTest" time="0.005"/>
  <testcase name="getHottestStar()" classname="com.planet.service.ExoPlanetAggregatorTest" time="0.662"/>
  <testcase name="getTimelineOfPlanets()" classname="com.planet.service.ExoPlanetAggregatorTest" time="0.569"/>
  <testcase name="getSumOfAllPlanetsTempWhenExoPlanetIsEmpty()" classname="com.planet.service.ExoPlanetAggregatorTest" time="0.001"/>
  <system-out><![CDATA[]]></system-out>
  <system-err><![CDATA[]]></system-err>
</testsuite>
